# JRE version: Java(TM) SE Runtime Environment (14.0.1+7) (build 14.0.1+7)
# Java VM: Java HotSpot(TM) 64-Bit Server VM (14.0.1+7, mixed mode, sharing, tiered, compressed oops, g1 gc, windows-amd64)
Heap:
 garbage-first heap   total 178176K, used 103638K [0x0000000082200000, 0x0000000100000000)
  region size 1024K, 18 young (18432K), 3 survivors (3072K)
 Metaspace       used 28369K, capacity 29042K, committed 29184K, reserved 1075200K
  class space    used 3263K, capacity 3481K, committed 3584K, reserved 1048576K
GC Heap History (20 events):
Event: 16.178 GC heap before
{Heap before GC invocations=5 (full 0):
 garbage-first heap   total 155648K, used 104145K [0x0000000082200000, 0x0000000100000000)
  region size 1024K, 91 young (93184K), 8 survivors (8192K)
 Metaspace       used 19322K, capacity 19831K, committed 19968K, reserved 1067008K
  class space    used 2117K, capacity 2258K, committed 2304K, reserved 1048576K
}
Event: 16.204 GC heap after
{Heap after GC invocations=6 (full 0):
 garbage-first heap   total 155648K, used 37465K [0x0000000082200000, 0x0000000100000000)
  region size 1024K, 12 young (12288K), 12 survivors (12288K)
 Metaspace       used 19322K, capacity 19831K, committed 19968K, reserved 1067008K
  class space    used 2117K, capacity 2258K, committed 2304K, reserved 1048576K
}
Event: 48.096 GC heap before
{Heap before GC invocations=6 (full 0):
 garbage-first heap   total 155648K, used 112217K [0x0000000082200000, 0x0000000100000000)
  region size 1024K, 83 young (84992K), 12 survivors (12288K)
 Metaspace       used 19459K, capacity 19959K, committed 20224K, reserved 1067008K
  class space    used 2123K, capacity 2258K, committed 2304K, reserved 1048576K
}
Event: 48.116 GC heap after
{Heap after GC invocations=7 (full 0):
 garbage-first heap   total 155648K, used 50688K [0x0000000082200000, 0x0000000100000000)
  region size 1024K, 11 young (11264K), 11 survivors (11264K)
 Metaspace       used 19459K, capacity 19959K, committed 20224K, reserved 1067008K
  class space    used 2123K, capacity 2258K, committed 2304K, reserved 1048576K
}
Event: 64.201 GC heap before
{Heap before GC invocations=7 (full 0):
 garbage-first heap   total 155648K, used 112128K [0x0000000082200000, 0x0000000100000000)
  region size 1024K, 70 young (71680K), 11 survivors (11264K)
 Metaspace       used 19465K, capacity 19959K, committed 20224K, reserved 1067008K
  class space    used 2124K, capacity 2258K, committed 2304K, reserved 1048576K
}
Event: 64.209 GC heap after
{Heap after GC invocations=8 (full 0):
 garbage-first heap   total 155648K, used 57344K [0x0000000082200000, 0x0000000100000000)
  region size 1024K, 9 young (9216K), 9 survivors (9216K)
 Metaspace       used 19465K, capacity 19959K, committed 20224K, reserved 1067008K
  class space    used 2124K, capacity 2258K, committed 2304K, reserved 1048576K
}
Event: 65.002 GC heap before
{Heap before GC invocations=8 (full 0):
 garbage-first heap   total 155648K, used 113664K [0x0000000082200000, 0x0000000100000000)
  region size 1024K, 64 young (65536K), 9 survivors (9216K)
 Metaspace       used 19870K, capacity 20386K, committed 20480K, reserved 1067008K
  class space    used 2149K, capacity 2295K, committed 2304K, reserved 1048576K
}
Event: 65.012 GC heap after
{Heap after GC invocations=9 (full 0):
 garbage-first heap   total 155648K, used 82944K [0x0000000082200000, 0x0000000100000000)
  region size 1024K, 8 young (8192K), 8 survivors (8192K)
 Metaspace       used 19870K, capacity 20386K, committed 20480K, reserved 1067008K
  class space    used 2149K, capacity 2295K, committed 2304K, reserved 1048576K
}
Event: 66.093 GC heap before
{Heap before GC invocations=9 (full 0):
 garbage-first heap   total 155648K, used 113664K [0x0000000082200000, 0x0000000100000000)
  region size 1024K, 38 young (38912K), 8 survivors (8192K)
 Metaspace       used 20054K, capacity 20666K, committed 20864K, reserved 1067008K
  class space    used 2172K, capacity 2367K, committed 2432K, reserved 1048576K
}
Event: 66.099 GC heap after
{Heap after GC invocations=10 (full 0):
 garbage-first heap   total 155648K, used 92160K [0x0000000082200000, 0x0000000100000000)
  region size 1024K, 5 young (5120K), 5 survivors (5120K)
 Metaspace       used 20054K, capacity 20666K, committed 20864K, reserved 1067008K
  class space    used 2172K, capacity 2367K, committed 2432K, reserved 1048576K
}
Event: 73.152 GC heap before
{Heap before GC invocations=11 (full 0):
 garbage-first heap   total 155648K, used 116736K [0x0000000082200000, 0x0000000100000000)
  region size 1024K, 31 young (31744K), 5 survivors (5120K)
 Metaspace       used 22206K, capacity 22835K, committed 22912K, reserved 1069056K
  class space    used 2463K, capacity 2670K, committed 2688K, reserved 1048576K
}
Event: 73.159 GC heap after
{Heap after GC invocations=12 (full 0):
 garbage-first heap   total 155648K, used 93057K [0x0000000082200000, 0x0000000100000000)
  region size 1024K, 3 young (3072K), 3 survivors (3072K)
 Metaspace       used 22206K, capacity 22835K, committed 22912K, reserved 1069056K
  class space    used 2463K, capacity 2670K, committed 2688K, reserved 1048576K
}
Event: 73.270 GC heap before
{Heap before GC invocations=12 (full 0):
 garbage-first heap   total 155648K, used 97153K [0x0000000082200000, 0x0000000100000000)
  region size 1024K, 7 young (7168K), 3 survivors (3072K)
 Metaspace       used 22837K, capacity 23443K, committed 23552K, reserved 1071104K
  class space    used 2563K, capacity 2766K, committed 2816K, reserved 1048576K
}
Event: 73.277 GC heap after
{Heap after GC invocations=13 (full 0):
 garbage-first heap   total 155648K, used 84832K [0x0000000082200000, 0x0000000100000000)
  region size 1024K, 1 young (1024K), 1 survivors (1024K)
 Metaspace       used 22837K, capacity 23443K, committed 23552K, reserved 1071104K
  class space    used 2563K, capacity 2766K, committed 2816K, reserved 1048576K
}
Event: 74.791 GC heap before
{Heap before GC invocations=13 (full 0):
 garbage-first heap   total 155648K, used 116576K [0x0000000082200000, 0x0000000100000000)
  region size 1024K, 33 young (33792K), 1 survivors (1024K)
 Metaspace       used 27512K, capacity 28266K, committed 28288K, reserved 1075200K
  class space    used 3200K, capacity 3442K, committed 3456K, reserved 1048576K
}
Event: 74.799 GC heap after
{Heap after GC invocations=14 (full 0):
 garbage-first heap   total 155648K, used 88521K [0x0000000082200000, 0x0000000100000000)
  region size 1024K, 5 young (5120K), 5 survivors (5120K)
 Metaspace       used 27512K, capacity 28266K, committed 28288K, reserved 1075200K
  class space    used 3200K, capacity 3442K, committed 3456K, reserved 1048576K
}
Event: 75.172 GC heap before
{Heap before GC invocations=15 (full 0):
 garbage-first heap   total 160768K, used 119241K [0x0000000082200000, 0x0000000100000000)
  region size 1024K, 36 young (36864K), 5 survivors (5120K)
 Metaspace       used 28100K, capacity 28758K, committed 28928K, reserved 1075200K
  class space    used 3267K, capacity 3497K, committed 3584K, reserved 1048576K
}
Event: 75.177 GC heap after
{Heap after GC invocations=16 (full 0):
 garbage-first heap   total 160768K, used 89577K [0x0000000082200000, 0x0000000100000000)
  region size 1024K, 2 young (2048K), 2 survivors (2048K)
 Metaspace       used 28100K, capacity 28758K, committed 28928K, reserved 1075200K
  class space    used 3267K, capacity 3497K, committed 3584K, reserved 1048576K
}
Event: 75.457 GC heap before
{Heap before GC invocations=16 (full 0):
 garbage-first heap   total 160768K, used 124393K [0x0000000082200000, 0x0000000100000000)
  region size 1024K, 37 young (37888K), 2 survivors (2048K)
 Metaspace       used 28327K, capacity 29018K, committed 29184K, reserved 1075200K
  class space    used 3273K, capacity 3497K, committed 3584K, reserved 1048576K
}
Event: 75.460 GC heap after
{Heap after GC invocations=17 (full 0):
 garbage-first heap   total 160768K, used 90326K [0x0000000082200000, 0x0000000100000000)
  region size 1024K, 3 young (3072K), 3 survivors (3072K)
 Metaspace       used 28327K, capacity 29018K, committed 29184K, reserved 1075200K
  class space    used 3273K, capacity 3497K, committed 3584K, reserved 1048576K
}

